\BOOKMARK [0][-]{section*.1}{\376\377\000D\000e\000c\000l\000a\000r\000a\000t\000i\000o\000n\000\040\000o\000f\000\040\000A\000u\000t\000h\000o\000r\000s\000h\000i\000p}{}% 1
\BOOKMARK [0][-]{section*.2}{\376\377\000A\000b\000s\000t\000r\000a\000c\000t}{}% 2
\BOOKMARK [0][-]{section*.3}{\376\377\000A\000c\000k\000n\000o\000w\000l\000e\000d\000g\000e\000m\000e\000n\000t\000s}{}% 3
\BOOKMARK [0][-]{chapter*.4}{\376\377\000C\000o\000n\000t\000e\000n\000t\000s}{}% 4
\BOOKMARK [0][-]{chapter.5}{\376\377\000I\000n\000t\000r\000o\000d\000u\000c\000t\000i\000o\000n}{}% 5
\BOOKMARK [1][-]{section.6}{\376\377\000M\000o\000t\000i\000v\000a\000t\000i\000o\000n}{chapter.5}% 6
\BOOKMARK [1][-]{section.7}{\376\377\000O\000u\000t\000l\000i\000n\000e}{chapter.5}% 7
\BOOKMARK [0][-]{chapter.8}{\376\377\000T\000h\000e\000o\000r\000e\000t\000i\000c\000a\000l\000\040\000b\000a\000c\000k\000g\000r\000o\000u\000n\000d}{}% 8
\BOOKMARK [1][-]{section.9}{\376\377\000O\000p\000e\000n\000\040\000Q\000u\000a\000n\000t\000u\000m\000\040\000S\000y\000s\000t\000e\000m\000s}{chapter.8}% 9
\BOOKMARK [1][-]{section.14}{\376\377\000C\000o\000l\000l\000e\000c\000t\000i\000v\000e\000\040\000d\000i\000s\000s\000i\000p\000a\000t\000i\000o\000n}{chapter.8}% 10
\BOOKMARK [1][-]{section.17}{\376\377\000G\000r\000e\000e\000n\000'\000s\000\040\000t\000e\000n\000s\000o\000r}{chapter.8}% 11
\BOOKMARK [1][-]{section.20}{\376\377\000A\000t\000o\000m\000i\000c\000\040\000s\000y\000s\000t\000e\000m}{chapter.8}% 12
\BOOKMARK [2][-]{subsection.26}{\376\377\000E\000f\000f\000e\000c\000t\000i\000v\000e\000\040\000H\000a\000m\000i\000l\000t\000o\000n\000i\000a\000n}{section.20}% 13
\BOOKMARK [2][-]{subsection.31}{\376\377\000D\000y\000n\000a\000m\000i\000c\000s\000\040\000i\000n\000\040\000t\000h\000e\000\040\000s\000i\000n\000g\000l\000e\000\040\000e\000x\000c\000i\000t\000a\000t\000i\000o\000n\000\040\000s\000u\000b\000s\000p\000a\000c\000e}{section.20}% 14
\BOOKMARK [2][-]{subsection.37}{\376\377\000S\000u\000r\000v\000i\000v\000a\000l\000\040\000p\000r\000o\000b\000a\000b\000i\000l\000i\000t\000y}{section.20}% 15
\BOOKMARK [1][-]{section.40}{\376\377\000R\000e\000c\000i\000p\000r\000o\000c\000a\000l\000\040\000s\000p\000a\000c\000e}{chapter.8}% 16
\BOOKMARK [2][-]{subsection.43}{\376\377\000G\000r\000o\000u\000p\000\040\000v\000e\000l\000o\000c\000i\000t\000y}{section.40}% 17
\BOOKMARK [0][-]{chapter.46}{\376\377\000P\000r\000e\000s\000e\000n\000t\000a\000t\000i\000o\000n\000\040\000o\000f\000\040\000t\000h\000e\000\040\000b\000a\000s\000i\000s\000\040\000o\000f\000\040\000t\000h\000i\000s\000\040\000w\000o\000r\000k}{}% 18
\BOOKMARK [0][-]{chapter.52}{\376\377\000A\000d\000a\000p\000t\000a\000t\000i\000o\000n\000\040\000o\000f\000\040\000B\000o\000t\000a\000r\000e\000l\000l\000i\000s\000\040\000w\000o\000r\000k\000\040\000t\000o\000\040\000a\000t\000o\000m\000s}{}% 19
\BOOKMARK [1][-]{section.53}{\376\377\000C\000h\000a\000l\000l\000e\000n\000g\000e\000s}{chapter.52}% 20
\BOOKMARK [2][-]{subsection.54}{\376\377\000P\000h\000a\000s\000e\000\040\000c\000o\000n\000t\000r\000o\000l}{section.53}% 21
\BOOKMARK [1][-]{section.58}{\376\377\000C\000o\000n\000d\000i\000t\000i\000o\000n\000s\000\040\000f\000o\000r\000\040\000d\000i\000r\000e\000c\000t\000i\000o\000n\000a\000l\000\040\000r\000o\000u\000t\000i\000n\000g}{chapter.52}% 22
\BOOKMARK [1][-]{section.61}{\376\377\000I\000m\000p\000l\000e\000m\000e\000n\000t\000a\000t\000i\000o\000n\000\040\000o\000f\000\040\000B\000o\000t\000a\000r\000e\000l\000l\000i\000'\000s\000\040\000s\000y\000s\000t\000e\000m\000\040\000w\000i\000t\000h\000\040\000s\000i\000x\000\040\000a\000t\000o\000m\000s}{chapter.52}% 23
\BOOKMARK [1][-]{section.63}{\376\377\000S\000y\000s\000t\000e\000m\000\040\000d\000e\000f\000i\000n\000i\000t\000i\000o\000n\000\040\000w\000i\000t\000h\000\040\000N\000\040\000>\000\040\0006}{chapter.52}% 24
\BOOKMARK [2][-]{subsection.68}{\376\377\000T\000r\000a\000n\000s\000p\000o\000r\000t}{section.63}% 25
\BOOKMARK [1][-]{section.72}{\376\377\000R\000o\000u\000t\000i\000n\000g\000\040\000i\000n\000\040\000s\000y\000s\000t\000e\000m\000s\000\040\000w\000i\000t\000h\000\040\000N\000\040\000=\000\040\0006\0000\000\040\000a\000t\000o\000m\000s}{chapter.52}% 26
\BOOKMARK [1][-]{section.75}{\376\377\000R\000o\000u\000t\000i\000n\000g\000\040\000i\000n\000\040\000s\000y\000s\000t\000e\000m\000s\000\040\000w\000i\000t\000h\000\040\000N\000\040\000=\000\040\0003\0000\0000\000\040\000a\000t\000o\000m\000s}{chapter.52}% 27
\BOOKMARK [0][-]{chapter.80}{\376\377\000C\000o\000n\000c\000l\000u\000s\000i\000o\000n}{}% 28
\BOOKMARK [0][-]{appendix.81}{\376\377\000E\000x\000t\000r\000a\000\040\000m\000a\000t\000e\000r\000i\000a\000l}{}% 29
\BOOKMARK [1][-]{section.82}{\376\377\000P\000h\000a\000s\000e\000\040\000P\000r\000o\000b\000l\000e\000m}{appendix.81}% 30
\BOOKMARK [1][-]{section.84}{\376\377\000D\000i\000a\000g\000o\000n\000a\000l\000i\000z\000a\000t\000i\000o\000n}{appendix.81}% 31
